Wed Feb 09 20:53:21 Saved as file ~undo.max
Wed Feb 09 22:45:32 Saved as file BACKUP1.MAX
Wed Feb 09 22:55:32 Saved as file BACKUP1.MAX
Thu Feb 10 12:12:19 Saved as file BACKUP1.MAX
Thu Feb 17 21:04:14 Saved as file C:\USERS\PARTH\DESKTOP\SMST-REF\PCB DESIGN\SMART TRAFFIC SIGNAL.MAX
Thu Feb 17 21:04:16 Saved as file C:\USERS\PARTH\DESKTOP\SMST-REF\PCB DESIGN\SMART TRAFFIC SIGNAL.MAX
Thu Feb 17 22:40:29 Saved as file BACKUP1.MAX
Fri Feb 18 10:23:07 Saved as file BACKUP1.MAX
Fri Feb 18 10:33:37 Saved as file BACKUP1.MAX
Fri Feb 18 10:43:28 Saved as file BACKUP1.MAX
Sat Feb 19 16:38:27 Saved as file BACKUP1.MAX
Sat Feb 19 16:51:16 Saved as file C:\USERS\PARTH\DESKTOP\IOT-WMS\PCB DESIGN\SMART TRAFFIC SIGNAL.MAX
Sat Feb 19 16:51:16 Saved as file C:\USERS\PARTH\DESKTOP\IOT-WMS\PCB DESIGN\SMART TRAFFIC SIGNAL.MAX
Sat Feb 19 16:51:17 Saved as file C:\USERS\PARTH\DESKTOP\IOT-WMS\PCB DESIGN\SMART TRAFFIC SIGNAL.MAX
Sat Feb 19 17:12:08 Loaded file C:\OrCAD\OrCAD_10.0\tools\Layout_Eng_Ed\data\template.imp
Sat Feb 19 17:12:08 Loaded file C:\OrCAD\OrCAD_10.0\tools\Layout_Eng_Ed\data\template.imp
Sat Feb 19 17:12:25 Loaded file C:\OrCAD\OrCAD_10.0\tools\Layout_Eng_Ed\data\template.imp
Sat Feb 19 17:12:27 Loaded file C:\OrCAD\OrCAD_10.0\tools\Layout_Eng_Ed\data\template.imp
Sat Feb 19 17:12:28 Loaded file C:\OrCAD\OrCAD_10.0\tools\Layout_Eng_Ed\data\template.imp
Sat Feb 19 17:12:31 Loaded file C:\OrCAD\OrCAD_10.0\tools\Layout_Eng_Ed\data\template.imp
Sat Feb 19 17:12:31 Loaded file C:\OrCAD\OrCAD_10.0\tools\Layout_Eng_Ed\data\template.imp
Sat Feb 19 17:12:33 Loaded file C:\OrCAD\OrCAD_10.0\tools\Layout_Eng_Ed\data\template.imp
Sun Feb 20 13:25:55 Loaded file C:\OrCAD\OrCAD_10.0\tools\Layout_Eng_Ed\data\template.imp
Sun Feb 20 13:25:55 Loaded file C:\OrCAD\OrCAD_10.0\tools\Layout_Eng_Ed\data\template.imp
Sun Feb 20 13:25:56 Loaded file C:\USERS\PARTH\DESKTOP\SMST-REF\PCB DESIGN\MY-LIB.LLB
Sun Feb 20 13:25:59 Loaded file C:\OrCAD\OrCAD_10.0\tools\Layout_Eng_Ed\data\template.imp
Sun Feb 20 13:29:53 Loaded file C:\OrCAD\OrCAD_10.0\tools\Layout_Eng_Ed\data\template.imp
Sun Feb 20 13:29:53 Loaded file C:\OrCAD\OrCAD_10.0\tools\Layout_Eng_Ed\data\template.imp
Sun Feb 20 13:29:55 Loaded file C:\USERS\PARTH\DESKTOP\SMST-REF\PCB DESIGN\MY-LIB.LLB
Sun Feb 20 13:29:57 Loaded file C:\OrCAD\OrCAD_10.0\tools\Layout_Eng_Ed\data\template.imp
Sun Feb 20 13:32:28 Saved as file BACKUP1.MAX
Sun Feb 20 13:33:19 Loaded file C:\OrCAD\OrCAD_10.0\tools\Layout_Eng_Ed\data\template.imp
Sun Feb 20 13:33:19 Loaded file C:\OrCAD\OrCAD_10.0\tools\Layout_Eng_Ed\data\template.imp
Sun Feb 20 13:33:21 Loaded file C:\OrCAD\OrCAD_10.0\tools\Layout_Eng_Ed\data\template.imp
Sun Feb 20 13:34:28 Loaded file C:\OrCAD\OrCAD_10.0\tools\Layout_Eng_Ed\data\template.imp
Sun Feb 20 13:34:28 Loaded file C:\OrCAD\OrCAD_10.0\tools\Layout_Eng_Ed\data\template.imp
Sun Feb 20 13:34:30 Loaded file C:\OrCAD\OrCAD_10.0\tools\Layout_Eng_Ed\data\template.imp
Sun Feb 20 13:40:36 Loaded file C:\OrCAD\OrCAD_10.0\tools\Layout_Eng_Ed\data\template.imp
Sun Feb 20 13:40:36 Loaded file C:\OrCAD\OrCAD_10.0\tools\Layout_Eng_Ed\data\template.imp
Sun Feb 20 13:40:39 Loaded file C:\USERS\PARTH\DESKTOP\SMST-REF\PCB DESIGN\MY-LIB.LLB
Sun Feb 20 13:40:42 Loaded file C:\OrCAD\OrCAD_10.0\tools\Layout_Eng_Ed\library\BCON100T.llb
Sun Feb 20 13:40:44 Loaded file C:\OrCAD\OrCAD_10.0\tools\Layout_Eng_Ed\data\template.imp
Sun Feb 20 13:40:47 Loaded file C:\OrCAD\OrCAD_10.0\tools\Layout_Eng_Ed\data\template.imp
Sun Feb 20 13:40:47 Loaded file C:\OrCAD\OrCAD_10.0\tools\Layout_Eng_Ed\data\template.imp
Sun Feb 20 13:40:47 Loaded file C:\OrCAD\OrCAD_10.0\tools\Layout_Eng_Ed\data\template.imp
Sun Feb 20 13:40:48 Loaded file C:\OrCAD\OrCAD_10.0\tools\Layout_Eng_Ed\data\template.imp
Sun Feb 20 13:40:48 Loaded file C:\OrCAD\OrCAD_10.0\tools\Layout_Eng_Ed\data\template.imp
Sun Feb 20 13:40:48 Loaded file C:\OrCAD\OrCAD_10.0\tools\Layout_Eng_Ed\data\template.imp
Sun Feb 20 13:40:49 Loaded file C:\OrCAD\OrCAD_10.0\tools\Layout_Eng_Ed\data\template.imp
Sun Feb 20 13:40:49 Loaded file C:\OrCAD\OrCAD_10.0\tools\Layout_Eng_Ed\data\template.imp
Sun Feb 20 13:40:50 Loaded file C:\OrCAD\OrCAD_10.0\tools\Layout_Eng_Ed\data\template.imp
Sun Feb 20 13:40:50 Loaded file C:\OrCAD\OrCAD_10.0\tools\Layout_Eng_Ed\data\template.imp
Sun Feb 20 13:40:50 Loaded file C:\OrCAD\OrCAD_10.0\tools\Layout_Eng_Ed\data\template.imp
Sun Feb 20 13:40:51 Loaded file C:\OrCAD\OrCAD_10.0\tools\Layout_Eng_Ed\data\template.imp
Sun Feb 20 13:40:51 Loaded file C:\OrCAD\OrCAD_10.0\tools\Layout_Eng_Ed\data\template.imp
Sun Feb 20 13:40:52 Loaded file C:\OrCAD\OrCAD_10.0\tools\Layout_Eng_Ed\data\template.imp
Sun Feb 20 13:40:52 Loaded file C:\OrCAD\OrCAD_10.0\tools\Layout_Eng_Ed\data\template.imp
Sun Feb 20 13:40:52 Loaded file C:\OrCAD\OrCAD_10.0\tools\Layout_Eng_Ed\data\template.imp
Sun Feb 20 13:40:53 Loaded file C:\OrCAD\OrCAD_10.0\tools\Layout_Eng_Ed\data\template.imp
Sun Feb 20 13:40:53 Loaded file C:\OrCAD\OrCAD_10.0\tools\Layout_Eng_Ed\data\template.imp
Sun Feb 20 13:40:54 Loaded file C:\OrCAD\OrCAD_10.0\tools\Layout_Eng_Ed\data\template.imp
Sun Feb 20 13:40:55 Loaded file C:\OrCAD\OrCAD_10.0\tools\Layout_Eng_Ed\data\template.imp
Sun Feb 20 13:40:56 Loaded file C:\OrCAD\OrCAD_10.0\tools\Layout_Eng_Ed\data\template.imp
Sun Feb 20 13:40:57 Loaded file C:\OrCAD\OrCAD_10.0\tools\Layout_Eng_Ed\data\template.imp
Sun Feb 20 13:41:01 Loaded file C:\OrCAD\OrCAD_10.0\tools\Layout_Eng_Ed\data\template.imp
Sun Feb 20 13:41:02 Loaded file C:\OrCAD\OrCAD_10.0\tools\Layout_Eng_Ed\data\template.imp
Sun Feb 20 13:41:52 Loaded file C:\OrCAD\OrCAD_10.0\tools\Layout_Eng_Ed\data\template.imp
Sun Feb 20 13:41:52 Loaded file C:\OrCAD\OrCAD_10.0\tools\Layout_Eng_Ed\data\template.imp
Sun Feb 20 13:41:53 Loaded file C:\OrCAD\OrCAD_10.0\tools\Layout_Eng_Ed\data\template.imp
Sat Feb 26 11:36:00 Saved as file C:\USERS\PARTH\DESKTOP\IOT-WMS\PCB DESIGN\IOT-WMS.MAX
Sat Feb 26 11:37:24 Saved as file ~undo.max
Sat Feb 26 11:38:45 Loaded file C:\OrCAD\OrCAD_10.0\tools\Layout_Eng_Ed\data\template.imp
Sat Feb 26 11:38:45 Loaded file C:\OrCAD\OrCAD_10.0\tools\Layout_Eng_Ed\data\template.imp
Sat Feb 26 11:39:19 Loaded file C:\OrCAD\OrCAD_10.0\tools\Layout_Eng_Ed\data\template.imp
Sat Feb 26 11:39:19 Loaded file C:\OrCAD\OrCAD_10.0\tools\Layout_Eng_Ed\data\template.imp
Sat Feb 26 11:39:21 Loaded file C:\OrCAD\OrCAD_10.0\tools\Layout_Eng_Ed\library\BCON100T.llb
Sat Feb 26 11:39:26 Loaded file C:\OrCAD\OrCAD_10.0\tools\Layout_Eng_Ed\data\template.imp
Sat Feb 26 11:39:28 Loaded file C:\OrCAD\OrCAD_10.0\tools\Layout_Eng_Ed\data\template.imp
Sat Feb 26 11:39:44 Loaded file C:\OrCAD\OrCAD_10.0\tools\Layout_Eng_Ed\data\template.imp
Sat Feb 26 11:39:44 Loaded file C:\OrCAD\OrCAD_10.0\tools\Layout_Eng_Ed\data\template.imp
Sat Feb 26 11:39:46 Loaded file C:\OrCAD\OrCAD_10.0\tools\Layout_Eng_Ed\library\BCON100T.llb
Sat Feb 26 11:40:20 Loaded file C:\OrCAD\OrCAD_10.0\tools\Layout_Eng_Ed\data\template.imp
Sat Feb 26 11:40:27 Loaded file C:\OrCAD\OrCAD_10.0\tools\Layout_Eng_Ed\data\template.imp
Sat Feb 26 11:40:27 Loaded file C:\OrCAD\OrCAD_10.0\tools\Layout_Eng_Ed\data\template.imp
Sat Feb 26 11:40:27 Loaded file C:\OrCAD\OrCAD_10.0\tools\Layout_Eng_Ed\data\template.imp
Sat Feb 26 11:40:28 Loaded file C:\OrCAD\OrCAD_10.0\tools\Layout_Eng_Ed\data\template.imp
Sat Feb 26 11:40:28 Loaded file C:\OrCAD\OrCAD_10.0\tools\Layout_Eng_Ed\data\template.imp
Sat Feb 26 11:40:28 Loaded file C:\OrCAD\OrCAD_10.0\tools\Layout_Eng_Ed\data\template.imp
Sat Feb 26 11:40:28 Loaded file C:\OrCAD\OrCAD_10.0\tools\Layout_Eng_Ed\data\template.imp
Sat Feb 26 11:40:28 Loaded file C:\OrCAD\OrCAD_10.0\tools\Layout_Eng_Ed\data\template.imp
Sat Feb 26 11:40:29 Loaded file C:\OrCAD\OrCAD_10.0\tools\Layout_Eng_Ed\data\template.imp
Sat Feb 26 11:40:29 Loaded file C:\OrCAD\OrCAD_10.0\tools\Layout_Eng_Ed\data\template.imp
Sat Feb 26 11:40:29 Loaded file C:\OrCAD\OrCAD_10.0\tools\Layout_Eng_Ed\data\template.imp
Sat Feb 26 11:40:29 Loaded file C:\OrCAD\OrCAD_10.0\tools\Layout_Eng_Ed\data\template.imp
Sat Feb 26 11:40:29 Loaded file C:\OrCAD\OrCAD_10.0\tools\Layout_Eng_Ed\data\template.imp
Sat Feb 26 11:40:29 Loaded file C:\OrCAD\OrCAD_10.0\tools\Layout_Eng_Ed\data\template.imp
Sat Feb 26 11:40:30 Loaded file C:\OrCAD\OrCAD_10.0\tools\Layout_Eng_Ed\data\template.imp
Sat Feb 26 11:40:30 Loaded file C:\OrCAD\OrCAD_10.0\tools\Layout_Eng_Ed\data\template.imp
Sat Feb 26 11:40:30 Loaded file C:\OrCAD\OrCAD_10.0\tools\Layout_Eng_Ed\data\template.imp
Sat Feb 26 11:40:30 Loaded file C:\OrCAD\OrCAD_10.0\tools\Layout_Eng_Ed\data\template.imp
Sat Feb 26 11:40:30 Loaded file C:\OrCAD\OrCAD_10.0\tools\Layout_Eng_Ed\data\template.imp
Sat Feb 26 11:40:31 Loaded file C:\OrCAD\OrCAD_10.0\tools\Layout_Eng_Ed\data\template.imp
Sat Feb 26 11:40:31 Loaded file C:\OrCAD\OrCAD_10.0\tools\Layout_Eng_Ed\data\template.imp
Sat Feb 26 11:40:31 Loaded file C:\OrCAD\OrCAD_10.0\tools\Layout_Eng_Ed\data\template.imp
Sat Feb 26 11:40:31 Loaded file C:\OrCAD\OrCAD_10.0\tools\Layout_Eng_Ed\data\template.imp
Sat Feb 26 11:40:31 Loaded file C:\OrCAD\OrCAD_10.0\tools\Layout_Eng_Ed\data\template.imp
Sat Feb 26 11:40:31 Loaded file C:\OrCAD\OrCAD_10.0\tools\Layout_Eng_Ed\data\template.imp
Sat Feb 26 11:40:31 Loaded file C:\OrCAD\OrCAD_10.0\tools\Layout_Eng_Ed\data\template.imp
Sat Feb 26 11:40:31 Loaded file C:\OrCAD\OrCAD_10.0\tools\Layout_Eng_Ed\data\template.imp
Sat Feb 26 11:40:31 Loaded file C:\OrCAD\OrCAD_10.0\tools\Layout_Eng_Ed\data\template.imp
Sat Feb 26 11:40:31 Loaded file C:\OrCAD\OrCAD_10.0\tools\Layout_Eng_Ed\data\template.imp
Sat Feb 26 11:40:31 Loaded file C:\OrCAD\OrCAD_10.0\tools\Layout_Eng_Ed\data\template.imp
Sat Feb 26 11:40:31 Loaded file C:\OrCAD\OrCAD_10.0\tools\Layout_Eng_Ed\data\template.imp
Sat Feb 26 11:40:31 Loaded file C:\OrCAD\OrCAD_10.0\tools\Layout_Eng_Ed\data\template.imp
Sat Feb 26 11:40:31 Loaded file C:\OrCAD\OrCAD_10.0\tools\Layout_Eng_Ed\data\template.imp
Sat Feb 26 11:40:31 Loaded file C:\OrCAD\OrCAD_10.0\tools\Layout_Eng_Ed\data\template.imp
Sat Feb 26 11:40:32 Loaded file C:\OrCAD\OrCAD_10.0\tools\Layout_Eng_Ed\data\template.imp
Sat Feb 26 11:40:32 Loaded file C:\OrCAD\OrCAD_10.0\tools\Layout_Eng_Ed\data\template.imp
Sat Feb 26 11:40:32 Loaded file C:\OrCAD\OrCAD_10.0\tools\Layout_Eng_Ed\data\template.imp
Sat Feb 26 11:40:32 Loaded file C:\OrCAD\OrCAD_10.0\tools\Layout_Eng_Ed\data\template.imp
Sat Feb 26 11:40:32 Loaded file C:\OrCAD\OrCAD_10.0\tools\Layout_Eng_Ed\data\template.imp
Sat Feb 26 11:40:32 Loaded file C:\OrCAD\OrCAD_10.0\tools\Layout_Eng_Ed\data\template.imp
Sat Feb 26 11:40:32 Loaded file C:\OrCAD\OrCAD_10.0\tools\Layout_Eng_Ed\data\template.imp
Sat Feb 26 11:40:32 Loaded file C:\OrCAD\OrCAD_10.0\tools\Layout_Eng_Ed\data\template.imp
Sat Feb 26 11:40:33 Loaded file C:\OrCAD\OrCAD_10.0\tools\Layout_Eng_Ed\data\template.imp
Sat Feb 26 11:40:33 Loaded file C:\OrCAD\OrCAD_10.0\tools\Layout_Eng_Ed\data\template.imp
Sat Feb 26 11:40:33 Loaded file C:\OrCAD\OrCAD_10.0\tools\Layout_Eng_Ed\data\template.imp
Sat Feb 26 11:40:33 Loaded file C:\OrCAD\OrCAD_10.0\tools\Layout_Eng_Ed\data\template.imp
Sat Feb 26 11:40:33 Loaded file C:\OrCAD\OrCAD_10.0\tools\Layout_Eng_Ed\data\template.imp
Sat Feb 26 11:40:33 Loaded file C:\OrCAD\OrCAD_10.0\tools\Layout_Eng_Ed\data\template.imp
Sat Feb 26 11:40:33 Loaded file C:\OrCAD\OrCAD_10.0\tools\Layout_Eng_Ed\data\template.imp
Sat Feb 26 11:40:33 Loaded file C:\OrCAD\OrCAD_10.0\tools\Layout_Eng_Ed\data\template.imp
Sat Feb 26 11:40:33 Loaded file C:\OrCAD\OrCAD_10.0\tools\Layout_Eng_Ed\data\template.imp
Sat Feb 26 11:40:33 Loaded file C:\OrCAD\OrCAD_10.0\tools\Layout_Eng_Ed\data\template.imp
Sat Feb 26 11:40:33 Loaded file C:\OrCAD\OrCAD_10.0\tools\Layout_Eng_Ed\data\template.imp
Sat Feb 26 11:40:33 Loaded file C:\OrCAD\OrCAD_10.0\tools\Layout_Eng_Ed\data\template.imp
Sat Feb 26 11:40:33 Loaded file C:\OrCAD\OrCAD_10.0\tools\Layout_Eng_Ed\data\template.imp
Sat Feb 26 11:40:33 Loaded file C:\OrCAD\OrCAD_10.0\tools\Layout_Eng_Ed\data\template.imp
Sat Feb 26 11:40:33 Loaded file C:\OrCAD\OrCAD_10.0\tools\Layout_Eng_Ed\data\template.imp
Sat Feb 26 11:40:33 Loaded file C:\OrCAD\OrCAD_10.0\tools\Layout_Eng_Ed\data\template.imp
Sat Feb 26 11:40:34 Loaded file C:\OrCAD\OrCAD_10.0\tools\Layout_Eng_Ed\data\template.imp
Sat Feb 26 11:40:34 Loaded file C:\OrCAD\OrCAD_10.0\tools\Layout_Eng_Ed\data\template.imp
Sat Feb 26 11:40:34 Loaded file C:\OrCAD\OrCAD_10.0\tools\Layout_Eng_Ed\data\template.imp
Sat Feb 26 11:40:34 Loaded file C:\OrCAD\OrCAD_10.0\tools\Layout_Eng_Ed\data\template.imp
Sat Feb 26 11:40:34 Loaded file C:\OrCAD\OrCAD_10.0\tools\Layout_Eng_Ed\data\template.imp
Sat Feb 26 11:40:34 Loaded file C:\OrCAD\OrCAD_10.0\tools\Layout_Eng_Ed\data\template.imp
Sat Feb 26 11:40:34 Loaded file C:\OrCAD\OrCAD_10.0\tools\Layout_Eng_Ed\data\template.imp
Sat Feb 26 11:40:34 Loaded file C:\OrCAD\OrCAD_10.0\tools\Layout_Eng_Ed\data\template.imp
Sat Feb 26 11:40:34 Loaded file C:\OrCAD\OrCAD_10.0\tools\Layout_Eng_Ed\data\template.imp
Sat Feb 26 11:40:34 Loaded file C:\OrCAD\OrCAD_10.0\tools\Layout_Eng_Ed\data\template.imp
Sat Feb 26 11:40:35 Loaded file C:\OrCAD\OrCAD_10.0\tools\Layout_Eng_Ed\data\template.imp
Sat Feb 26 11:40:35 Loaded file C:\OrCAD\OrCAD_10.0\tools\Layout_Eng_Ed\data\template.imp
Sat Feb 26 11:40:35 Loaded file C:\OrCAD\OrCAD_10.0\tools\Layout_Eng_Ed\data\template.imp
Sat Feb 26 11:40:35 Loaded file C:\OrCAD\OrCAD_10.0\tools\Layout_Eng_Ed\data\template.imp
Sat Feb 26 11:40:35 Loaded file C:\OrCAD\OrCAD_10.0\tools\Layout_Eng_Ed\data\template.imp
Sat Feb 26 11:40:35 Loaded file C:\OrCAD\OrCAD_10.0\tools\Layout_Eng_Ed\data\template.imp
Sat Feb 26 11:40:35 Loaded file C:\OrCAD\OrCAD_10.0\tools\Layout_Eng_Ed\data\template.imp
Sat Feb 26 11:40:35 Loaded file C:\OrCAD\OrCAD_10.0\tools\Layout_Eng_Ed\data\template.imp
Sat Feb 26 11:40:35 Loaded file C:\OrCAD\OrCAD_10.0\tools\Layout_Eng_Ed\data\template.imp
Sat Feb 26 11:40:35 Loaded file C:\OrCAD\OrCAD_10.0\tools\Layout_Eng_Ed\data\template.imp
Sat Feb 26 11:40:35 Loaded file C:\OrCAD\OrCAD_10.0\tools\Layout_Eng_Ed\data\template.imp
Sat Feb 26 11:40:35 Loaded file C:\OrCAD\OrCAD_10.0\tools\Layout_Eng_Ed\data\template.imp
Sat Feb 26 11:40:35 Loaded file C:\OrCAD\OrCAD_10.0\tools\Layout_Eng_Ed\data\template.imp
Sat Feb 26 11:40:35 Loaded file C:\OrCAD\OrCAD_10.0\tools\Layout_Eng_Ed\data\template.imp
Sat Feb 26 11:40:35 Loaded file C:\OrCAD\OrCAD_10.0\tools\Layout_Eng_Ed\data\template.imp
Sat Feb 26 11:40:35 Loaded file C:\OrCAD\OrCAD_10.0\tools\Layout_Eng_Ed\data\template.imp
Sat Feb 26 11:40:35 Loaded file C:\OrCAD\OrCAD_10.0\tools\Layout_Eng_Ed\data\template.imp
Sat Feb 26 11:40:35 Loaded file C:\OrCAD\OrCAD_10.0\tools\Layout_Eng_Ed\data\template.imp
Sat Feb 26 11:40:35 Loaded file C:\OrCAD\OrCAD_10.0\tools\Layout_Eng_Ed\data\template.imp
Sat Feb 26 11:40:36 Loaded file C:\OrCAD\OrCAD_10.0\tools\Layout_Eng_Ed\data\template.imp
Sat Feb 26 11:40:36 Loaded file C:\OrCAD\OrCAD_10.0\tools\Layout_Eng_Ed\data\template.imp
Sat Feb 26 11:40:36 Loaded file C:\OrCAD\OrCAD_10.0\tools\Layout_Eng_Ed\data\template.imp
Sat Feb 26 11:40:36 Loaded file C:\OrCAD\OrCAD_10.0\tools\Layout_Eng_Ed\data\template.imp
Sat Feb 26 11:40:36 Loaded file C:\OrCAD\OrCAD_10.0\tools\Layout_Eng_Ed\data\template.imp
Sat Feb 26 11:40:36 Loaded file C:\OrCAD\OrCAD_10.0\tools\Layout_Eng_Ed\data\template.imp
Sat Feb 26 11:40:37 Loaded file C:\OrCAD\OrCAD_10.0\tools\Layout_Eng_Ed\data\template.imp
Sat Feb 26 11:40:37 Loaded file C:\OrCAD\OrCAD_10.0\tools\Layout_Eng_Ed\data\template.imp
Sat Feb 26 11:40:37 Loaded file C:\OrCAD\OrCAD_10.0\tools\Layout_Eng_Ed\data\template.imp
Sat Feb 26 11:40:37 Loaded file C:\OrCAD\OrCAD_10.0\tools\Layout_Eng_Ed\data\template.imp
Sat Feb 26 11:40:37 Loaded file C:\OrCAD\OrCAD_10.0\tools\Layout_Eng_Ed\data\template.imp
Sat Feb 26 11:40:38 Loaded file C:\OrCAD\OrCAD_10.0\tools\Layout_Eng_Ed\data\template.imp
Sat Feb 26 11:40:38 Loaded file C:\OrCAD\OrCAD_10.0\tools\Layout_Eng_Ed\data\template.imp
Sat Feb 26 11:40:38 Loaded file C:\OrCAD\OrCAD_10.0\tools\Layout_Eng_Ed\data\template.imp
Sat Feb 26 11:40:39 Loaded file C:\OrCAD\OrCAD_10.0\tools\Layout_Eng_Ed\data\template.imp
Sat Feb 26 11:40:39 Loaded file C:\OrCAD\OrCAD_10.0\tools\Layout_Eng_Ed\data\template.imp
Sat Feb 26 11:40:39 Loaded file C:\OrCAD\OrCAD_10.0\tools\Layout_Eng_Ed\data\template.imp
Sat Feb 26 11:40:39 Loaded file C:\OrCAD\OrCAD_10.0\tools\Layout_Eng_Ed\data\template.imp
Sat Feb 26 11:40:40 Loaded file C:\OrCAD\OrCAD_10.0\tools\Layout_Eng_Ed\data\template.imp
Sat Feb 26 11:40:40 Loaded file C:\OrCAD\OrCAD_10.0\tools\Layout_Eng_Ed\data\template.imp
Sat Feb 26 11:40:40 Loaded file C:\OrCAD\OrCAD_10.0\tools\Layout_Eng_Ed\data\template.imp
Sat Feb 26 11:40:41 Loaded file C:\OrCAD\OrCAD_10.0\tools\Layout_Eng_Ed\data\template.imp
Sat Feb 26 11:40:41 Loaded file C:\OrCAD\OrCAD_10.0\tools\Layout_Eng_Ed\data\template.imp
Sat Feb 26 11:40:42 Loaded file C:\OrCAD\OrCAD_10.0\tools\Layout_Eng_Ed\data\template.imp
Sat Feb 26 11:41:10 Saved as file ~undo.max
Sat Feb 26 11:44:23 Saved as file BACKUP1.MAX
Sat Feb 26 11:54:24 Saved as file BACKUP1.MAX
Sat Feb 26 11:57:00 Saved as file ~undo.max
Sat Feb 26 11:57:36 Saved as file ~undo.max
Sat Feb 26 11:59:06 Saved as file ~undo.max
Sat Feb 26 11:59:59 Saved as file ~undo.max
Sat Feb 26 12:00:47 Removed unused net: NET_123
Sat Feb 26 12:00:47 Removed unused net: NET_122
Sat Feb 26 12:00:47 Removed unused net: NET_121
Sat Feb 26 12:00:47 Removed unused net: NET_120
Sat Feb 26 12:00:47 Removed unused net: NET_119
Sat Feb 26 12:00:47 Removed unused net: NET_118
Sat Feb 26 12:00:47 Removed unused net: NET_117
Sat Feb 26 12:00:47 Removed unused net: NET_116
Sat Feb 26 12:00:47 Removed unused net: NET_115
Sat Feb 26 12:00:47 Removed unused net: NET_114
Sat Feb 26 12:00:47 Removed unused net: NET_113
Sat Feb 26 12:00:47 Removed unused net: NET_112
Sat Feb 26 12:00:47 Removed unused net: NET_88
Sat Feb 26 12:00:47 Removed unused net: NET_87
Sat Feb 26 12:00:47 Removed unused net: NET_86
Sat Feb 26 12:00:47 Removed unused net: NET_85
Sat Feb 26 12:00:47 Removed unused net: NET_84
Sat Feb 26 12:00:47 Removed unused net: NET_83
Sat Feb 26 12:00:47 Removed unused net: NET_82
Sat Feb 26 12:00:47 Removed unused net: NET_81
Sat Feb 26 12:00:47 Removed unused net: NET_80
Sat Feb 26 12:00:47 Removed unused net: NET_79
Sat Feb 26 12:00:47 Removed unused net: NET_78
Sat Feb 26 12:00:47 Removed unused net: NET_77
Sat Feb 26 12:00:47 Removed unused net: NET_76
Sat Feb 26 12:00:47 Removed unused net: NET_75
Sat Feb 26 12:00:47 Removed unused net: NET_74
Sat Feb 26 12:00:47 Removed unused net: NET_73
Sat Feb 26 12:00:47 Removed unused net: NET_72
Sat Feb 26 12:00:47 Removed unused net: NET_71
Sat Feb 26 12:00:47 Removed unused net: NET_69
Sat Feb 26 12:00:47 Removed unused net: NET_67
Sat Feb 26 12:00:47 Removed unused net: NET_66
Sat Feb 26 12:00:47 Removed unused net: NET_65
Sat Feb 26 12:00:47 Removed unused net: NET_64
Sat Feb 26 12:00:47 Removed unused net: NET_63
Sat Feb 26 12:00:47 Removed unused net: NET_62
Sat Feb 26 12:00:47 Removed unused net: NET_61
Sat Feb 26 12:00:47 Removed unused net: NET_59
Sat Feb 26 12:00:47 Removed unused net: NET_58
Sat Feb 26 12:00:47 Removed unused net: NET_57
Sat Feb 26 12:00:47 Removed unused net: NET_56
Sat Feb 26 12:00:47 Removed unused net: NET_55
Sat Feb 26 12:00:47 Removed unused net: NET_54
Sat Feb 26 12:00:47 Removed unused net: NET_53
Sat Feb 26 12:00:47 Removed unused net: NET_52
Sat Feb 26 12:00:47 Removed unused net: NET_51
Sat Feb 26 12:00:47 Removed unused net: NET_50
Sat Feb 26 12:00:47 Removed unused net: NET_49
Sat Feb 26 12:00:47 Removed unused net: NET_48
Sat Feb 26 12:00:47 Removed unused net: NET_47
Sat Feb 26 12:00:47 Removed unused net: NET_46
Sat Feb 26 12:00:47 Removed unused net: NET_45
Sat Feb 26 12:00:47 Removed unused net: 19
Sat Feb 26 12:00:47 Removed unused net: 18
Sat Feb 26 12:00:47 Removed unused net: 9
Sat Feb 26 12:00:49 Removed unused footprint: BLKCON.156/VH/TM1SQS/W.156/3_PORT3
Sat Feb 26 12:00:49 Removed unused footprint: BLKCON.156/VH/TM1SQS/W.156/3_PORT2
Sat Feb 26 12:00:49 Removed unused footprint: BLKCON.156/VH/TM1SQS/W.156/3_PORT
Sat Feb 26 12:00:49 Removed unused footprint: CYL/D.250/LS.100/.031_LED12
Sat Feb 26 12:00:49 Removed unused footprint: CYL/D.250/LS.100/.031_LED11
Sat Feb 26 12:00:49 Removed unused footprint: CYL/D.250/LS.100/.031_LED10
Sat Feb 26 12:00:49 Removed unused footprint: CYL/D.250/LS.100/.031_LED9
Sat Feb 26 12:00:49 Removed unused footprint: RESISTOR 0.25 WATT_R7
Sat Feb 26 12:00:49 Removed unused footprint: BLKCON.100/VH/TM1SQ/W.100/9_PORT 4
Sat Feb 26 12:00:49 Removed unused footprint: RESISTOR 0.25 WATT_RLC2
Sat Feb 26 12:00:49 Removed unused footprint: CYL/D.250/LS.100/.031_LED8
Sat Feb 26 12:00:49 Removed unused footprint: CYL/D.250/LS.100/.031_LED7
Sat Feb 26 12:00:49 Removed unused footprint: CYL/D.250/LS.100/.031_LED6
Sat Feb 26 12:00:49 Removed unused footprint: CYL/D.250/LS.100/.031_LED4
Sat Feb 26 12:00:49 Removed unused footprint: BLKCON.100/VH/TM1SQ/W.100/9_PORT 3
Sat Feb 26 12:00:49 Removed unused footprint: BLKCON.100/VH/TM1SQ/W.100/9_PORT 2
Sat Feb 26 12:00:49 Removed unused footprint: NODEMCU AMICA SMALL WITHOUT SIP_NODE
Sat Feb 26 12:00:49 Removed unused footprint: IC BASE 16 PIN_ULN2005
Sat Feb 26 12:00:49 Removed unused footprint: RF RECIVER CONNECTOR_RF RE
Sat Feb 26 12:00:49 Removed unused footprint: RESISTOR 0.25 WATT_R5
Sat Feb 26 12:00:49 Removed unused footprint: CYL/D.250/LS.100/.031_LED3
Sat Feb 26 12:00:49 Removed unused footprint: RESISTOR 0.25 WATT_R4
Sat Feb 26 12:00:49 Removed unused footprint: DIP.100/18/W.300/L.900_IC 12D
Sat Feb 26 12:00:49 Removed unused footprint: M SWITH 5X6_RESET
Sat Feb 26 12:00:49 Removed unused footprint: MTHOLE1_31
Sat Feb 26 12:00:49 Removed unused footprint: CYL/D.250/LS.100/.031_C8
Sat Feb 26 12:00:49 Removed unused footprint: RESISTOR 0.25 WATT_R1
Sat Feb 26 12:00:49 Removed unused footprint: RAD/.300X.100/LS.200/.031_XLT
Sat Feb 26 12:00:49 Removed unused footprint: RAD/.200X.100/LS.100/.031_C7
Sat Feb 26 12:00:49 Removed unused footprint: RAD/.200X.100/LS.100/.031_C6
Sat Feb 26 12:00:49 Removed unused footprint: IC BASE 40 PIN_IC1
Sat Feb 26 12:00:49 Removed unused footprint: NODEMCU AMICA SMALL WITHOUT SIP
Sat Feb 26 12:00:49 Removed unused footprint: RF RECIVER CONNECTOR
Sat Feb 26 12:00:49 Removed unused footprint: DIP.100/18/W.300/L.900
Sat Feb 26 12:00:49 Removed unused footprint: M SWITH 5X6
Sat Feb 26 12:00:49 Removed unused footprint: RAD/.300X.100/LS.200/.031
Sat Feb 26 12:00:49 Removed unused footprint: BLKCON.100/VH/TM1SQ/W.100/9
Sat Feb 26 12:00:49 Removed unused footprint: RAD/.200X.100/LS.100/.031
Sat Feb 26 12:00:49 Removed unused footprint: IC BASE 16 PIN
Sat Feb 26 12:00:49 Removed unused footprint: IC BASE 40 PIN
Sat Feb 26 12:00:51 Removed unused padstack: BCON100T.llb_pad1_5
Sat Feb 26 12:00:51 Removed unused padstack: BCON100T.llb_pad2_5
Sat Feb 26 12:00:51 Removed unused padstack: DIP100T.llb_pad2_1
Sat Feb 26 12:00:51 Removed unused padstack: DIP100T.llb_pad1_1
Sat Feb 26 12:00:51 Removed unused padstack: TM_AXIAL.llb_pad3
Sat Feb 26 12:00:51 Removed unused padstack: TM_RAD.llb_pad2_1
Sat Feb 26 12:00:51 Removed unused padstack: BCON100T.llb_pad1_1
Sat Feb 26 12:00:51 Removed unused padstack: BCON100T.llb_pad2_1
Sat Feb 26 12:00:51 Removed unused padstack: TM_RAD.llb_pad2
Sat Feb 26 12:00:51 Removed unused padstack: DIP100T.llb_pad4_1_2
Sat Feb 26 12:00:51 Removed unused padstack: DIP100T.llb_pad5_1_1
Sat Feb 26 12:00:51 Removed unused padstack: DIP100T.llb_pad3_1_1
Sat Feb 26 12:00:51 Removed unused padstack: DIP100T.llb_pad4_1_1
Sat Feb 26 12:03:02 Saved as file C:\USERS\PARTH\DESKTOP\IOT-WMS\PCB DESIGN\IOT-WMS.MAX
Sat Feb 26 12:04:54 Saved as file BACKUP1.MAX
Sat Feb 26 12:07:46 Saved as file C:\USERS\PARTH\DESKTOP\IOT-WMS\PCB DESIGN\IOT-WMS.MAX
Sat Feb 26 13:52:06 Saved as file BACKUP1.MAX
Sat Feb 26 14:02:06 Saved as file BACKUP1.MAX
Sat Feb 26 14:12:06 Saved as file BACKUP1.MAX
Sun Feb 27 14:58:45 Saved as file BACKUP1.MAX
Wed Mar 02 13:59:47 Saved as file BACKUP1.MAX
Wed Mar 02 14:09:47 Saved as file BACKUP1.MAX
Wed Mar 02 14:19:47 Saved as file BACKUP1.MAX
Tue Mar 08 15:27:15 Saved as file BACKUP1.MAX
